C51 COMPILER V9.60.0.0   ADC                                                               05/28/2020 11:02:35 PAGE 1   


C51 COMPILER V9.60.0.0, COMPILATION OF MODULE ADC
OBJECT MODULE PLACED IN ..\hex\adc.obj
COMPILER INVOKED BY: C:\Keil_v5\C51\BIN\C51.EXE ..\user\adc.c LARGE OPTIMIZE(8,SPEED) BROWSE INCDIR(..\user) DEBUG OBJEC
                    -TEXTEND PRINT(.\LIST\adc.lst) TABS(2) OBJECT(..\hex\adc.obj)

line level    source

   1          /*                        -- 渡河蚂蚁电子工作室 --                        */
   2          /*
   3          *   说    明: STC8A8KS4A12 DEMO程序
   4          *   开发平台: STC15W408S     
   5          *   淘宝网店: 
   6          *
   7          //  文件名：main.c                                                              
   8          //  说明：供客户测试模块通信使用程序                                                                  
   9          //  编写人员：Duhemayi                                                                   
  10          //  编写日期：2018-09-16                                                               
  11          //  程序维护：
  12          //  维护记录：
  13          //  版    本: V1.0
  14          //                                                          
  15          // 免责声明：该程序仅用于学习与交流 
  16          // (c) Duhemayi Corporation. All rights reserved.     
  17          ******************************************************************************/
  18          #include "adc.h"
  19          
  20          //测试工作频率为11.0592MHz
  21          
  22          void ADC_Init(void)
  23          {
  24   1          P1M0 = 0x00;                                //设置P1.0为ADC口 高阻输入
  25   1          P1M1 = 0x01;
  26   1          ADCCFG = 0x2f;                              //设置ADC时钟为系统时钟/2/16/16 转换结果右对齐
  27   1          ADC_CONTR = 0x80;                           //使能ADC模块 打开ADC_POWER
  28   1      }
  29          
  30          uint16 Get_ADC_RES(void)
  31          {
  32   1        uint16 adc_val;
  33   1        
  34   1        ADC_CONTR |= 0x40;                      //启动AD转换  ADC_START = 1
  35   1          _nop_();
  36   1          _nop_();
  37   1          while (!(ADC_CONTR & 0x20));            //查询ADC完成标志
  38   1          ADC_CONTR &= ~0x20;                     //清完成标志
  39   1      
  40   1          adc_val = (ADC_RES<<8)|ADC_RESL;            //取转换结果高8位
  41   1                  //取转换结果低8位
  42   1      //  adc_val = adc_val>>4;         //因为是左对齐
  43   1      
  44   1        return adc_val;
  45   1      }


MODULE INFORMATION:   STATIC OVERLAYABLE
   CODE SIZE        =     99    ----
   CONSTANT SIZE    =   ----    ----
   XDATA SIZE       =   ----       4
   PDATA SIZE       =   ----    ----
   DATA SIZE        =   ----    ----
   IDATA SIZE       =   ----    ----
C51 COMPILER V9.60.0.0   ADC                                                               05/28/2020 11:02:35 PAGE 2   

   BIT SIZE         =   ----    ----
END OF MODULE INFORMATION.


C51 COMPILATION COMPLETE.  0 WARNING(S),  0 ERROR(S)
