C51 COMPILER V9.60.0.0   DELAY                                                             05/27/2020 14:11:25 PAGE 1   


C51 COMPILER V9.60.0.0, COMPILATION OF MODULE DELAY
OBJECT MODULE PLACED IN ..\hex\delay.obj
COMPILER INVOKED BY: C:\Keil_v5\C51\BIN\C51.EXE ..\user\delay.c LARGE OPTIMIZE(8,SPEED) BROWSE INCDIR(..\user) DEBUG OBJ
                    -ECTEXTEND PRINT(.\LIST\delay.lst) TABS(2) OBJECT(..\hex\delay.obj)

line level    source

   1          /*                        -- 渡河蚂蚁电子工作室 --                        */
   2          /*
   3          *   说    明: STC8A8KS4A12 DEMO程序
   4          *   开发平台: STC15W408S     
   5          *   淘宝网店: 
   6          *
   7          //  文件名：main.c                                                              
   8          //  说明：供客户测试模块通信使用程序                                                                  
   9          //  编写人员：Duhemayi                                                                   
  10          //  编写日期：2018-09-16                                                               
  11          //  程序维护：
  12          //  维护记录：
  13          //  版    本: V1.0
  14          //                                                          
  15          // 免责声明：该程序仅用于学习与交流 
  16          // (c) Duhemayi Corporation. All rights reserved.     
  17          ******************************************************************************/
  18          #include "delay.h"
  19          
  20          
  21          /******************************************************************************/
  22          // 函数名称： 
  23          // 输入参数： 
  24          // 输出参数： 
  25          // 函数功能： 
  26          /******************************************************************************/
  27          void Delay100ms()   //@11.0592MHz
  28          {
  29   1        unsigned char i, j, k;
  30   1      
  31   1        _nop_();
  32   1        i = 6;
  33   1        j = 157;
  34   1        k = 59;
  35   1        do
  36   1        {
  37   2          do
  38   2          {
  39   3            while (--k);
  40   3          } while (--j);
  41   2        } while (--i);
  42   1      }
  43          
  44          
  45          /******************************************************************************/
  46          // 函数名称： 
  47          // 输入参数： 
  48          // 输出参数： 
  49          // 函数功能： 
  50          /******************************************************************************/
  51          void Delay1us()   //@11.0592MHz
  52          {
  53   1        unsigned char i;
  54   1      
C51 COMPILER V9.60.0.0   DELAY                                                             05/27/2020 14:11:25 PAGE 2   

  55   1        _nop_();
  56   1        _nop_();
  57   1        i = 1;
  58   1        while (--i);
  59   1      }
  60          
  61          void delay_ms(unsigned  int  nms)
  62          {
  63   1        unsigned  int  i,j;
  64   1        for(j=0;j<nms;j++)
  65   1        {
  66   2          for(i=0;i<1000;i++)
  67   2          {
  68   3            Delay1us();
  69   3          }
  70   2        }
  71   1        
  72   1      }
  73          


MODULE INFORMATION:   STATIC OVERLAYABLE
   CODE SIZE        =    124    ----
   CONSTANT SIZE    =   ----    ----
   XDATA SIZE       =   ----       4
   PDATA SIZE       =   ----    ----
   DATA SIZE        =   ----    ----
   IDATA SIZE       =   ----    ----
   BIT SIZE         =   ----    ----
END OF MODULE INFORMATION.


C51 COMPILATION COMPLETE.  0 WARNING(S),  0 ERROR(S)
