C51 COMPILER V9.60.0.0   PWM                                                               06/18/2020 15:51:25 PAGE 1   


C51 COMPILER V9.60.0.0, COMPILATION OF MODULE PWM
OBJECT MODULE PLACED IN ..\hex\pwm.obj
COMPILER INVOKED BY: C:\Keil_v5\C51\BIN\C51.EXE ..\user\pwm.c LARGE OPTIMIZE(8,SPEED) BROWSE INCDIR(..\user) DEBUG OBJEC
                    -TEXTEND PRINT(.\LIST\pwm.lst) TABS(2) OBJECT(..\hex\pwm.obj)

line level    source

   1          /*                        -- 渡河蚂蚁电子工作室 --                        */
   2          /*
   3          *   说    明: STC8A8KS4A12 DEMO程序
   4          *   开发平台: STC15W408S     
   5          *   淘宝网店: 
   6          *
   7          //  文件名：PWM.h                                                              
   8          //  说明：供客户测试模块通信使用程序                                                                  
   9          //  编写人员：Duhemayi                                                                   
  10          //  编写日期：2018-09-16                                                               
  11          //  程序维护：
  12          //  维护记录：
  13          //  版    本: V1.0
  14          //                                                          
  15          // 免责声明：该程序仅用于学习与交流 
  16          // (c) Duhemayi Corporation. All rights reserved.     
  17          ******************************************************************************/
  18          #include "pwm.h"
  19          
  20          //测试工作频率为11.0592MHz
  21          
  22          /******************************************************************************/
  23          // 函数名称：void PWM0_INIT(void) 
  24          // 输入参数： 
  25          // 输出参数： 
  26          // 函数功能：
  27          // 备    注：周期的算法，1/晶体频率*计数周期 1/11059200*4096 ＝ 370ms 
  28          /******************************************************************************/
  29          void PWM0_INIT(void)
  30          {
  31   1          P_SW2 = 0x80;
  32   1          PWMCKS = 0x00;                              // PWM时钟为系统时钟
  33   1          PWMC = CYCLE;                               //设置PWM周期为
  34   1          PWM0T1= 0x0000;
  35   1          PWM0T2= 0x0001;
  36   1          PWM0CR= 0x80;                               //使能PWM0输出
  37   1          P_SW2 = 0x00;
  38   1      
  39   1          PWMCR = 0xc0;                               //启动PWM模块
  40   1          EA = 1;
  41   1      }
  42          
  43          void PWM_Isr() interrupt 22 using 1
  44          {
  45   1          static bit dir = 1;
  46   1          static int val = 0;
  47   1      
  48   1          if (PWMCFG & 0x80)              //当计数器归零，产生中断
  49   1          {
  50   2              PWMCFG &= ~0x80;                        //清中断标志
  51   2              if (dir)
  52   2              {
  53   3                  val++;
  54   3                  if (val >= CYCLE) dir = 0;
C51 COMPILER V9.60.0.0   PWM                                                               06/18/2020 15:51:25 PAGE 2   

  55   3              }
  56   2              else
  57   2              {
  58   3                  val--;
  59   3                  if (val <= 1) dir = 1;
  60   3              }
  61   2              _push_(P_SW2);
  62   2              P_SW2 |= 0x80;
  63   2              PWM0T2 = val;
  64   2              _pop_(P_SW2);
  65   2          }
  66   1      }
  67          
  68          


MODULE INFORMATION:   STATIC OVERLAYABLE
   CODE SIZE        =    218    ----
   CONSTANT SIZE    =   ----    ----
   XDATA SIZE       =      2       4
   PDATA SIZE       =   ----    ----
   DATA SIZE        =   ----    ----
   IDATA SIZE       =   ----    ----
   BIT SIZE         =      1    ----
END OF MODULE INFORMATION.


C51 COMPILATION COMPLETE.  0 WARNING(S),  0 ERROR(S)
