C51 COMPILER V9.60.0.0   STC8AID                                                           12/21/2020 12:00:35 PAGE 1   


C51 COMPILER V9.60.0.0, COMPILATION OF MODULE STC8AID
OBJECT MODULE PLACED IN ..\hex\stc8aid.obj
COMPILER INVOKED BY: C:\Keil_v5\C51\BIN\C51.EXE ..\user\stc8aid.c LARGE OPTIMIZE(8,SPEED) BROWSE INCDIR(..\user) DEBUG O
                    -BJECTEXTEND PRINT(.\LIST\stc8aid.lst) TABS(2) OBJECT(..\hex\stc8aid.obj)

line level    source

   1          /*                        -- 渡河蚂蚁电子工作室 --                        */
   2          /*
   3          *   说    明: STC8A8KS4A12 DEMO程序
   4          *   开发平台: STC15W408S     
   5          *   淘宝网店: 
   6          *
   7          //  文件名：main.c                                                              
   8          //  说明：供客户测试模块通信使用程序                                                                  
   9          //  编写人员：Duhemayi                                                                   
  10          //  编写日期：2018-09-16                                                               
  11          //  程序维护：
  12          //  维护记录：
  13          //  版    本: V1.0
  14          //                                                          
  15          // 免责声明：该程序仅用于学习与交流 
  16          // (c) Duhemayi Corporation. All rights reserved.     
  17          ******************************************************************************/
  18          #include "STC8AID.h"
  19          
  20          char  *ID;
  21          
  22          /******************************************************************************/
  23          // 函数名称：void Read_ID(void)
  24          // 输入参数： 
  25          // 输出参数：
  26          // 函数功能：读出芯片全球唯一的ID，在ROM的存放地址为0XFDF9H--- 0xFDFFH 
  27          /******************************************************************************/
  28          void Read_ID_fromROM(void)
  29          {
  30   1        char i;
  31   1      
  32   1        ID = (char code *)0xfdf9; // STC8A8K64S4A10
  33   1      //  ID = (char code *)0xeff9; // STC8A8K60S4A10
  34   1      //  ID = (char code *)0x7ff9; // STC8A8K32S4A10
  35   1      //  ID = (char code *)0x3ff9; // STC8A8K16S4A10
  36   1      
  37   1        for (i=0; i<7; i++)
  38   1        {
  39   2          UartSend(ID[i]);
  40   2        }
  41   1      }
  42          
  43          /******************************************************************************/
  44          // 函数名称：void Read_ID(void)
  45          // 输入参数： 
  46          // 输出参数：
  47          // 函数功能：读出芯片全球唯一的ID，在ROM的存放地址为0XF1-0XF7
  48          /******************************************************************************/
  49          void Read_ID_fromRAM(void)
  50          {
  51   1        uint8 i;
  52   1      
  53   1        ID = (char idata *)0xf1;
  54   1      
C51 COMPILER V9.60.0.0   STC8AID                                                           12/21/2020 12:00:35 PAGE 2   

  55   1        for (i=0; i<7; i++)
  56   1        {
  57   2          UartSend(ID[i]);
  58   2        }
  59   1      }
  60          
  61          
  62          
  63          


MODULE INFORMATION:   STATIC OVERLAYABLE
   CODE SIZE        =    201    ----
   CONSTANT SIZE    =   ----    ----
   XDATA SIZE       =      3       6
   PDATA SIZE       =   ----    ----
   DATA SIZE        =   ----    ----
   IDATA SIZE       =   ----    ----
   BIT SIZE         =   ----    ----
END OF MODULE INFORMATION.


C51 COMPILATION COMPLETE.  0 WARNING(S),  0 ERROR(S)
