C51 COMPILER V9.60.0.0   TIMER                                                             06/18/2020 15:51:24 PAGE 1   


C51 COMPILER V9.60.0.0, COMPILATION OF MODULE TIMER
OBJECT MODULE PLACED IN ..\hex\timer.obj
COMPILER INVOKED BY: C:\Keil_v5\C51\BIN\C51.EXE ..\user\timer.c LARGE OPTIMIZE(8,SPEED) BROWSE INCDIR(..\user) DEBUG OBJ
                    -ECTEXTEND PRINT(.\LIST\timer.lst) TABS(2) OBJECT(..\hex\timer.obj)

line level    source

   1          /*                        -- 渡河蚂蚁电子工作室 --                        */
   2          /*
   3          *   说    明: STC8A8KS4A12 DEMO程序
   4          *   开发平台: STC15W408S     
   5          *   淘宝网店: 
   6          *
   7          //  文件名：main.c                                                              
   8          //  说明：供客户测试模块通信使用程序                                                                  
   9          //  编写人员：Duhemayi                                                                   
  10          //  编写日期：2018-09-16                                                               
  11          //  程序维护：
  12          //  维护记录：
  13          //  版    本: V1.0
  14          //                                                          
  15          // 免责声明：该程序仅用于学习与交流 
  16          // (c) Duhemayi Corporation. All rights reserved.     
  17          ******************************************************************************/
  18          #include "timer.h"
  19          
  20          //测试工作频率为11.0592MHz
  21          uint16 Timer_CNT;
  22          
  23          //void Timer0_Init(void)
  24          //{
  25          //    TMOD = 0x00;                                //模式0
  26          //    TL0 = 0x66;                                 //65536-11.0592M/12/1000  定时1ms
  27          //    TH0 = 0xfc;
  28          //    TR0 = 1;                                    //启动定时器
  29          //    ET0 = 1;                                    //使能定时器中断
  30          //    EA = 1;
  31          //}
  32          
  33          void Timer0_Init(void)    //10000??@24.000MHz
  34          {
  35   1        AUXR &= 0x7F;   //?????12T??
  36   1      //  TMOD &= 0xF0;   //???????
  37   1        TMOD = 0x00;
  38   1      //  TL0 = 0xE0;   //??????
  39   1      //  TH0 = 0xB1;   //??????  10ms
  40   1        TL0 = 0xA0;   //??????
  41   1        TH0 = 0x15;   //?????? 30ms
  42   1        
  43   1        ET0 = 1;  
  44   1        TF0 = 0;    //??TF0??
  45   1        TR0 = 0;    //---off-----???0????
  46   1      }
  47          
  48          
  49          void TM0_Isr() interrupt 1 using 1
  50          {
  51   1        TF0 = 0;
  52   1        TR0 = 0;
  53   1      
  54   1        //UartSend(Uart1_Rx);
C51 COMPILER V9.60.0.0   TIMER                                                             06/18/2020 15:51:24 PAGE 2   

  55   1        Uart1_Rx =0 ;
  56   1        
  57   1        //LED = !LED;
  58   1        
  59   1        //Timer0_Init();
  60   1        //TR0 = 1;                       
  61   1      }
  62          
  63          //void TM0_Isr() interrupt 1 using 1
  64          //{
  65          //  Timer_CNT++;
  66          //  if(Timer_CNT >= 5)
  67          //  {
  68          //    Timer_CNT = 0;
  69          //    LED = !LED;      //测试端口
  70          //  }                         
  71          //}
  72          
  73          
  74          void TM1_Isr() interrupt 3 using 1
  75          {
  76   1        TF1 = 0;    //??TF1??
  77   1        TR1 = 0;    //???1????
  78   1        
  79   1        
  80   1      //  Timer_CNT++;
  81   1      //  if(Timer_CNT >= 500)
  82   1      //  {
  83   1      //    Timer_CNT = 0;
  84   1      //    LED = !LED;      //测试端口
  85   1      //  }                                  
  86   1      }
  87          
  88          //void Timer1_Init(void)
  89          //{
  90          //    TMOD = 0x00;                                //模式0
  91          //    TL1 = 0x66;                                 //65536-11.0592M/12/1000
  92          //    TH1 = 0xfc;
  93          //    TR1 = 1;                                    //启动定时器
  94          //    ET1 = 1;                                    //使能定时器中断
  95          //    EA = 1;
  96          //}
  97          
  98          void Timer1Init(void)   //10??@20.000MHz
  99          {
 100   1        AUXR &= 0xBF;   //?????12T??
 101   1        TMOD = 0x00;
 102   1        TL1 = 0xE5;   //??????
 103   1        TH1 = 0xBE;   //??????
 104   1        
 105   1        ET1 = 1;
 106   1        TF1 = 0;    //??TF1??
 107   1        TR1 = 0;    //???1????
 108   1      }
 109          
 110          
 111          void TM2_Isr() interrupt 12 using 1
 112          {
 113   1          AUXINTIF &= ~T2IF;                          //清中断标志
 114   1        Timer_CNT++;
 115   1        if(Timer_CNT >= 300)
 116   1        {
C51 COMPILER V9.60.0.0   TIMER                                                             06/18/2020 15:51:24 PAGE 3   

 117   2          Timer_CNT = 0;
 118   2          LED = !LED;      //测试端口
 119   2        } 
 120   1      }
 121          
 122          void Timer2_Init(void)
 123          {
 124   1          T2L = 0x66;                                 //65536-11.0592M/12/1000
 125   1          T2H = 0xfc;
 126   1          AUXR = 0x10;                                //启动定时器
 127   1          IE2 = ET2;                                  //使能定时器中断
 128   1          EA = 1;
 129   1      }
 130          
 131          void TM3_Isr() interrupt 19 using 1
 132          {
 133   1          AUXINTIF &= ~T3IF;                          //清中断标志
 134   1      
 135   1        Timer_CNT++;
 136   1        if(Timer_CNT >= 700)
 137   1        {
 138   2          Timer_CNT = 0;
 139   2          LED = !LED;      //测试端口
 140   2        }
 141   1      }
 142          
 143          void Timer3_Init(void)
 144          {
 145   1          T3L = 0x66;                                 //65536-11.0592M/12/1000
 146   1          T3H = 0xfc;
 147   1          T4T3M = 0x08;                               //启动定时器
 148   1          IE2 = ET3;                                  //使能定时器中断
 149   1          EA = 1;
 150   1      }
 151          
 152          void TM4_Isr() interrupt 20 using 1
 153          {                                //测试端口
 154   1          AUXINTIF &= ~T4IF;                          //清中断标志
 155   1        Timer_CNT++;
 156   1        if(Timer_CNT >= 1000)
 157   1        {
 158   2          Timer_CNT = 0;
 159   2          LED = !LED;      //测试端口
 160   2        }
 161   1      }
 162          
 163          void Timer4_Init(void)
 164          {
 165   1          T4L = 0x66;                                 //65536-11.0592M/12/1000
 166   1          T4H = 0xfc;
 167   1          T4T3M = 0x80;                               //启动定时器
 168   1          IE2 = ET4;                                  //使能定时器中断
 169   1          EA = 1;
 170   1      }
 171          
 172          
 173          
 174          
 175          
 176          
 177          
 178          
C51 COMPILER V9.60.0.0   TIMER                                                             06/18/2020 15:51:24 PAGE 4   



MODULE INFORMATION:   STATIC OVERLAYABLE
   CODE SIZE        =    339    ----
   CONSTANT SIZE    =   ----    ----
   XDATA SIZE       =      2       4
   PDATA SIZE       =   ----    ----
   DATA SIZE        =   ----    ----
   IDATA SIZE       =   ----    ----
   BIT SIZE         =   ----    ----
END OF MODULE INFORMATION.


C51 COMPILATION COMPLETE.  0 WARNING(S),  0 ERROR(S)
