C51 COMPILER V9.60.0.0   UART                                                              06/18/2020 15:51:23 PAGE 1   


C51 COMPILER V9.60.0.0, COMPILATION OF MODULE UART
OBJECT MODULE PLACED IN ..\hex\UART.obj
COMPILER INVOKED BY: C:\Keil_v5\C51\BIN\C51.EXE ..\user\UART.C LARGE OPTIMIZE(8,SPEED) BROWSE INCDIR(..\user) DEBUG OBJE
                    -CTEXTEND PRINT(.\LIST\UART.lst) TABS(2) OBJECT(..\hex\UART.obj)

line level    source

   1          /*                        -- 渡河蚂蚁电子工作室 --                        */
   2          /*
   3          *   说    明: STC8A8KS4A12 DEMO程序
   4          *   开发平台: STC15W408S     
   5          *   淘宝网店: 
   6          *
   7          //  文件名：main.c                                                              
   8          //  说明：供客户测试模块通信使用程序                                                                  
   9          //  编写人员：Duhemayi                                                                   
  10          //  编写日期：2018-09-16                                                               
  11          //  程序维护：
  12          //  维护记录：
  13          //  版    本: V1.0
  14          //                                                          
  15          // 免责声明：该程序仅用于学习与交流 
  16          // (c) Duhemayi Corporation. All rights reserved.     
  17          ******************************************************************************/
  18          #include "uart.h"
  19          
  20          bit busy;
  21          char wptr;
  22          char rptr;
  23          char buffer[16];
  24          
  25          /******************************************************************************/
  26          // 函数名称：uart1Init 
  27          // 输入参数：无 
  28          // 输出参数：无 
  29          // 函数功能：设置好定时器0的工作模式 
  30          /******************************************************************************/
  31          //void Uart1Init(void)
  32          //{
  33          //    SCON = 0x50;     //8位波特率，允许接收
  34          //    T2L = BRT;
  35          //    T2H = BRT >> 8;
  36          //    AUXR |= 0x15;
  37          //    wptr = 0x00;
  38          //    rptr = 0x00;
  39          //    busy = 0;
  40          //}
  41          
  42          //void Uart1Init(void)    //115200bps@11.0592MHz
  43          //{
  44          //  SCON = 0x50;    //8???,?????
  45          //  AUXR |= 0x01;   //??1?????2???????
  46          //  AUXR |= 0x04;   //???2???Fosc,?1T
  47          //  T2L = 0xE8;   //??????
  48          //  T2H = 0xFF;   //??????
  49          //  AUXR |= 0x10;   //?????2
  50          //}
  51          
  52          
  53          //void Uart1Init(void)    //9600bps@20.000MHz
  54          //{
C51 COMPILER V9.60.0.0   UART                                                              06/18/2020 15:51:23 PAGE 2   

  55          //  SCON = 0x50;    //8???,?????
  56          //  AUXR |= 0x01;   //??1?????2???????
  57          //  AUXR |= 0x04;   //???2???Fosc,?1T
  58          //  T2L = 0xF7;   //??????
  59          //  T2H = 0xFD;   //??????
  60          //  AUXR |= 0x10;   //?????2
  61          //}
  62          
  63          void Uart1Init(void)    //9600bps@24.000MHz
  64          {
  65   1        SCON = 0x50;    //8???,?????
  66   1        AUXR |= 0x01;   //??1?????2???????
  67   1        AUXR |= 0x04;   //???2???Fosc,?1T
  68   1        T2L = 0x8F;   //??????
  69   1        T2H = 0xFD;   //??????
  70   1        AUXR |= 0x10;   //?????2
  71   1      }
  72          
  73          
  74          
  75          
  76          /******************************************************************************/
  77          // 函数名称：uartSendData 
  78          // 输入参数：ucData: 发送字节 
  79          // 输出参数：无 
  80          // 函数功能：使用串口发送一个字节数据 
  81          /******************************************************************************/
  82          //void UartSend(uint8 dat)
  83          //{
  84          //    while (busy);
  85          //    busy = 1;
  86          //    SBUF = dat;
  87          //}
  88          
  89          void UartSend(uint8 dat)
  90          {
  91   1        SBUF =dat;
  92   1        //SBUF =0x55;
  93   1        while(!TI);
  94   1        TI =0;
  95   1      }
  96          
  97          /******************************************************************************/
  98          // 函数名称：uartSendString 
  99          // 输入参数：pS: 字符串首地址 
 100          // 输出参数：无 
 101          // 函数功能：发送字符串通过串口输出 
 102          /******************************************************************************/
 103          void UartSendStr(uint8 *p)
 104          {
 105   1          while (*p)
 106   1          {
 107   2              UartSend(*p++);
 108   2          }
 109   1      }
 110          
 111          
 112          
 113          
 114          
 115          
 116          
C51 COMPILER V9.60.0.0   UART                                                              06/18/2020 15:51:23 PAGE 3   

 117          unsigned char Uart1_index_flag=0,Uart1_index_flag_end=0;                //???????
 118          
 119          unsigned char Uart1_Buffer[256];        //?????
 120          unsigned char Uart1_Rx = 0;             //Uart1_Buffer??
 121          unsigned char packerflag=0;
 122          /******************************************************************************/
 123          // 函数名称：time0ISR 
 124          // 输入参数：无 
 125          // 输出参数：无 
 126          // 函数功能：串口0服务函数 
 127          /******************************************************************************/
 128          void Uart1Isr() interrupt 4 using 1
 129          {
 130   1        uint8 ch;
 131   1        if (TI)
 132   1        {
 133   2            TI = 0;
 134   2            busy = 0;
 135   2        }
 136   1      //  if (RI)
 137   1      //  {
 138   1      //      RI = 0;
 139   1      //      buffer[wptr++] = SBUF;
 140   1      //      wptr &= 0x0f;
 141   1      //  }
 142   1        if (RI)
 143   1        {
 144   2          RI = 0;
 145   2          ch = SBUF;
 146   2      //    UartSend(ch);
 147   2          
 148   2          
 149   2          Uart1_Buffer[Uart1_Rx] = ch; 
 150   2          
 151   2          if(Uart1_Rx>13)//4+5+4
 152   2            Uart1_Rx=0;
 153   2          
 154   2          if(('s'== Uart1_Buffer[0])
 155   2            &&('t'== Uart1_Buffer[1])
 156   2            &&('a'== Uart1_Buffer[2])
 157   2            &&('r'== Uart1_Buffer[3])
 158   2            && (Uart1_Rx >4))
 159   2          {
 160   3      
 161   3            //debug_uart_send_datas(Uart1_Buffer,4);
 162   3      //      SEGGER_RTT_printf(0, "1-Uart1_Buffer[Uart1_Rx] = %02x, Uart1_Rx=%d\n",
 163   3      //                              Uart1_Buffer[Uart1_Rx],Uart1_Rx);      //RTT打印
 164   3            switch(Uart1_index_flag_end)
 165   3            {
 166   4              case 0:
 167   4                if(ch == 'e')//process
 168   4                {
 169   5      //            SEGGER_RTT_printf(0, "2-Uart1_Buffer[Uart1_Rx] = %02x, Uart1_Rx=%d\n",
 170   5      //            Uart1_Buffer[Uart1_Rx],Uart1_Rx);      //RTT打印
 171   5      
 172   5                  Uart1_index_flag_end =1;
 173   5                }
 174   4                break;
 175   4              case 1:
 176   4                if(ch == 'n')//process
 177   4                  Uart1_index_flag_end =2;
 178   4                break;
C51 COMPILER V9.60.0.0   UART                                                              06/18/2020 15:51:23 PAGE 4   

 179   4              case 2:
 180   4                if(ch == 'd')//process
 181   4                  Uart1_index_flag_end =3;
 182   4                break;
 183   4              case 3:
 184   4                if(ch == 'o')//process
 185   4                {
 186   5                  //TIM3_Set(0);
 187   5      //            SEGGER_RTT_printf(0, "3-Uart1_Buffer[Uart1_Rx] = %02x, Uart1_Rx=%d\n",
 188   5      //                        Uart1_Buffer[Uart1_Rx],Uart1_Rx);      //RTT打印
 189   5      //            debug_uart_send_datas(Uart1_Buffer,13);
 190   5      //            debug_uart_send_datas(&Uart1_Rx,1);
 191   5                  
 192   5                  Uart1_index_flag_end =0;
 193   5                  packerflag = 1;                      //
 194   5      
 195   5                }
 196   4                break;
 197   4              default:
 198   4                break;
 199   4                  
 200   4              
 201   4            }
 202   3          
 203   3          
 204   3          }
 205   2          else//timer interrrupt, Uart1_Rx =0;
 206   2          {
 207   3            TR0 = 1;    //---on----
 208   3          }
 209   2          Uart1_Rx++;
 210   2          //UartSend(Uart1_Rx);
 211   2        }
 212   1      }
 213          
 214          /******************************************************************************/
 215          // 函数名称：void UART1_IOPORT_CHANGE(void)
 216          // 输入参数：无 
 217          // 输出参数：无 
 218          // 函数功能：串口一的IO口切换
 219          /******************************************************************************/
 220          void UART1_IOPORT_CHANGE(void)
 221          {
 222   1          P_SW1 = 0x00;                               //RXD/P3.0, TXD/P3.1
 223   1      //  P_SW1 = 0x40;                               //RXD_2/P3.6, TXD_2/P3.7
 224   1      //  P_SW1 = 0x80;                               //RXD_3/P1.6, TXD_3/P1.7
 225   1      //  P_SW1 = 0xc0;                               //RXD_4/P4.3, TXD_4/P4.4
 226   1      
 227   1      }
 228          
 229          
 230          
 231          
 232          
 233          
 234          
 235          


MODULE INFORMATION:   STATIC OVERLAYABLE
   CODE SIZE        =    331    ----
   CONSTANT SIZE    =   ----    ----
C51 COMPILER V9.60.0.0   UART                                                              06/18/2020 15:51:23 PAGE 5   

   XDATA SIZE       =    278       7
   PDATA SIZE       =   ----    ----
   DATA SIZE        =   ----    ----
   IDATA SIZE       =   ----    ----
   BIT SIZE         =      1    ----
END OF MODULE INFORMATION.


C51 COMPILATION COMPLETE.  0 WARNING(S),  0 ERROR(S)
